0 silly input [ 'test' ]
1 silly flags { _: [ 'run' ],
1 silly flags   'reject-cycles': false,
1 silly flags   rejectCycles: false,
1 silly flags   script: 'test',
1 silly flags   args: [] }
2 verbose rootPath /Users/bengaumond/Projects/benzed-mono
3 info version 2.10.1
4 silly existsSync /Users/bengaumond/Projects/benzed-mono/VERSION
5 info versioning independent
6 silly initialize attempt
7 silly initialize success
8 silly execute attempt
9 silly runScriptInDir test [] math
10 silly getExecOpts { cwd: '/Users/bengaumond/Projects/benzed-mono/packages/math' }
11 silly runScriptInDir test [] promise-queue
12 silly getExecOpts { cwd: '/Users/bengaumond/Projects/benzed-mono/packages/promise-queue' }
13 silly runScriptInDir test [] string
14 silly getExecOpts { cwd: '/Users/bengaumond/Projects/benzed-mono/packages/string' }
15 silly runScriptInDir test [] test
16 silly getExecOpts { cwd: '/Users/bengaumond/Projects/benzed-mono/packages/test' }
17 error test Errored while running script in '@benzed/test'
18 error execute callback with error
19 error Error: Command failed: npm run test
19 error module.js:557
19 error     throw err;
19 error     ^
19 error
19 error Error: Cannot find module './test'
19 error     at Function.Module._resolveFilename (module.js:555:15)
19 error     at Function.Module._load (module.js:482:25)
19 error     at Module.require (module.js:604:17)
19 error     at require (internal/module.js:11:18)
19 error     at requires.forEach.mod (/Users/bengaumond/Projects/benzed-mono/node_modules/mocha/bin/_mocha:469:3)
19 error     at Array.forEach (<anonymous>)
19 error     at Object.<anonymous> (/Users/bengaumond/Projects/benzed-mono/node_modules/mocha/bin/_mocha:468:10)
19 error     at Module._compile (module.js:660:30)
19 error     at Object.Module._extensions..js (module.js:671:10)
19 error     at Module.load (module.js:573:32)
19 error     at tryModuleLoad (module.js:513:12)
19 error     at Function.Module._load (module.js:505:3)
19 error     at Function.Module.runMain (module.js:701:10)
19 error     at startup (bootstrap_node.js:193:16)
19 error     at bootstrap_node.js:617:3
19 error npm ERR! code ELIFECYCLE
19 error npm ERR! errno 1
19 error npm ERR! @benzed/test@0.0.1 test: `mocha --opts .mocha.opts`
19 error npm ERR! Exit status 1
19 error npm ERR!
19 error npm ERR! Failed at the @benzed/test@0.0.1 test script.
19 error npm ERR! This is probably not a problem with npm. There is likely additional logging output above.
19 error
19 error npm ERR! A complete log of this run can be found in:
19 error npm ERR!     /Users/bengaumond/.npm/_logs/2018-04-15T03_33_48_293Z-debug.log
19 error
19 error > @benzed/test@0.0.1 test /Users/bengaumond/Projects/benzed-mono/packages/test
19 error > mocha --opts .mocha.opts
19 error
19 error
19 error     at Promise.all.then.arr (/Users/bengaumond/Projects/benzed-mono/node_modules/execa/index.js:236:11)
19 error     at <anonymous>
